[2026-04-03T18:11:46.901Z] GET http://localhost:4321/ → 200 (51ms, 243282B)
[2026-04-03T18:11:46.977Z] GET https://fonts.googleapis.com/css2?family=DM+Serif+Display:ital@0;1&family=Inter:wght@300;400;500;600;700;800&display=swap → 200 (171ms, 16619B)
[2026-04-03T18:11:46.978Z] GET http://localhost:4321/@vite/client → 200 (66ms, 297607B)
[2026-04-03T18:11:46.978Z] GET http://localhost:4321/@fs/home/jefferey/local-git/wme/node_modules/astro/dist/runtime/client/dev-toolbar/entrypoint.js?v=b2692b9b → 200 (75ms, 52465B)
[2026-04-03T18:11:46.978Z] GET http://localhost:4321/node_modules/@astrojs/tailwind/base.css → 200 (136ms, 49475B)
[2026-04-03T18:11:46.978Z] GET http://localhost:4321/src/components/Navbar.astro?astro&type=style&index=0&lang.css → 200 (14ms, 723B)
[2026-04-03T18:11:46.979Z] GET http://localhost:4321/src/styles/global.css → 200 (192ms, 58873B)
[2026-04-03T18:11:46.979Z] GET http://localhost:4321/images/wme-logo.png → 200 (217ms, 4418B)
[2026-04-03T18:11:46.979Z] GET http://localhost:4321/src/components/Navbar.astro?astro&type=script&index=0&lang.ts → 200 (45ms, 9048B)
[2026-04-03T18:11:46.979Z] GET http://localhost:4321/images/instar-blue.jpg → 200 (222ms, 54088B)
[2026-04-03T18:11:46.979Z] GET http://localhost:4321/src/layouts/Layout.astro?astro&type=script&index=0&lang.ts → 200 (236ms, 6879B)
[2026-04-03T18:11:47.051Z] GET http://localhost:4321/node_modules/vite/dist/client/env.mjs → 200 (169ms, 4377B)
[2026-04-03T18:11:47.053Z] GET http://localhost:4321/@id/__x00__astro:toolbar:internal → 200 (166ms, 8955B)
[2026-04-03T18:11:47.053Z] GET http://localhost:4321/node_modules/astro/dist/runtime/client/dev-toolbar/helpers.js?v=b2692b9b → 200 (190ms, 14267B)
[2026-04-03T18:11:47.053Z] GET http://localhost:4321/node_modules/astro/dist/runtime/client/dev-toolbar/settings.js?v=b2692b9b → 200 (169ms, 7936B)
[2026-04-03T18:11:47.243Z] GET http://localhost:4321/node_modules/astro/dist/runtime/client/dev-toolbar/ui-library/window.js?v=b2692b9b → 200 (16ms, 19284B)
[2026-04-03T18:11:47.275Z] GET http://localhost:4321/node_modules/astro/dist/runtime/client/dev-toolbar/apps/astro.js?v=b2692b9b → 200 (101ms, ?B)
[2026-04-03T18:11:47.275Z] GET http://localhost:4321/node_modules/astro/dist/runtime/client/dev-toolbar/apps/audit/index.js?v=b2692b9b → 200 (99ms, ?B)
[2026-04-03T18:11:47.276Z] GET http://localhost:4321/node_modules/astro/dist/runtime/client/dev-toolbar/apps/xray.js?v=b2692b9b → 200 (102ms, ?B)
[2026-04-03T18:11:47.276Z] GET http://localhost:4321/node_modules/astro/dist/runtime/client/dev-toolbar/apps/settings.js?v=b2692b9b → 200 (100ms, ?B)
[2026-04-03T18:11:47.276Z] GET http://localhost:4321/node_modules/astro/dist/runtime/client/dev-toolbar/toolbar.js?v=b2692b9b → pending (?ms, ?B)
[2026-04-03T18:11:47.276Z] GET http://localhost:4321/node_modules/astro/dist/runtime/client/dev-toolbar/ui-library/index.js?v=b2692b9b → 200 (102ms, ?B)
[2026-04-03T18:11:47.370Z] GET https://fonts.gstatic.com/s/inter/v20/UcC73FwrK3iLTeHuS_nVMrMxCp50SjIa1ZL7.woff2 → pending (?ms, ?B)
[2026-04-03T18:11:47.370Z] GET https://fonts.gstatic.com/s/dmserifdisplay/v17/-nFnOHM81r4j6k0gjAW3mujVU2B2G_Bx0g.woff2 → pending (?ms, ?B)
[2026-04-03T18:11:47.546Z] GET http://localhost:4321/node_modules/astro/dist/runtime/client/dev-toolbar/apps/utils/highlight.js?v=b2692b9b → 200 (161ms, 11750B)
[2026-04-03T18:11:47.558Z] GET http://localhost:4321/node_modules/astro/dist/runtime/client/dev-toolbar/apps/utils/window.js?v=b2692b9b → 200 (150ms, 7595B)
[2026-04-03T18:11:47.558Z] GET http://localhost:4321/node_modules/astro/dist/runtime/client/dev-toolbar/apps/audit/annotations.js?v=b2692b9b → 200 (150ms, 3862B)
[2026-04-03T18:11:47.558Z] GET http://localhost:4321/node_modules/astro/dist/runtime/client/dev-toolbar/apps/audit/rules/index.js?v=b2692b9b → 200 (150ms, 7035B)
[2026-04-03T18:11:47.558Z] GET http://localhost:4321/node_modules/astro/dist/runtime/client/dev-toolbar/apps/audit/ui/audit-list-item.js?v=b2692b9b → 200 (150ms, 16740B)
[2026-04-03T18:11:47.558Z] GET http://localhost:4321/node_modules/astro/dist/runtime/client/dev-toolbar/apps/audit/ui/audit-list-window.js?v=b2692b9b → 200 (151ms, 52021B)
[2026-04-03T18:11:47.558Z] GET http://localhost:4321/node_modules/astro/dist/runtime/client/dev-toolbar/apps/audit/ui/audit-ui.js?v=b2692b9b → 200 (151ms, 28018B)
[2026-04-03T18:11:47.558Z] GET http://localhost:4321/node_modules/astro/dist/runtime/client/dev-toolbar/ui-library/icons.js?v=b2692b9b → 200 (151ms, 277585B)
[2026-04-03T18:11:47.559Z] GET http://localhost:4321/node_modules/astro/dist/runtime/client/dev-toolbar/apps/utils/icons.js?v=b2692b9b → 200 (150ms, 5650B)
[2026-04-03T18:11:47.559Z] GET http://localhost:4321/node_modules/astro/dist/runtime/client/dev-toolbar/ui-library/badge.js?v=b2692b9b → 200 (151ms, 16480B)
[2026-04-03T18:11:47.559Z] GET http://localhost:4321/node_modules/astro/dist/runtime/client/dev-toolbar/ui-library/button.js?v=b2692b9b → 200 (151ms, 25195B)
[2026-04-03T18:11:47.559Z] GET http://localhost:4321/node_modules/astro/dist/runtime/client/dev-toolbar/ui-library/card.js?v=b2692b9b → 200 (151ms, 19839B)
[2026-04-03T18:11:47.559Z] GET http://localhost:4321/node_modules/astro/dist/runtime/client/dev-toolbar/ui-library/highlight.js?v=b2692b9b → 200 (161ms, 21660B)
[2026-04-03T18:11:47.559Z] GET http://localhost:4321/node_modules/astro/dist/runtime/client/dev-toolbar/ui-library/icon.js?v=b2692b9b → 200 (161ms, 5667B)
[2026-04-03T18:11:47.559Z] GET http://localhost:4321/node_modules/astro/dist/runtime/client/dev-toolbar/ui-library/radio-checkbox.js?v=b2692b9b → 200 (160ms, 16332B)
[2026-04-03T18:11:47.559Z] GET http://localhost:4321/node_modules/astro/dist/runtime/client/dev-toolbar/ui-library/select.js?v=b2692b9b → 200 (161ms, 18147B)
[2026-04-03T18:11:47.560Z] GET http://localhost:4321/node_modules/astro/dist/runtime/client/dev-toolbar/ui-library/toggle.js?v=b2692b9b → 200 (161ms, 19016B)
[2026-04-03T18:11:47.560Z] GET http://localhost:4321/node_modules/astro/dist/runtime/client/dev-toolbar/ui-library/tooltip.js?v=b2692b9b → 200 (161ms, 23080B)
[2026-04-03T18:11:47.560Z] GET http://localhost:4321/node_modules/html-escaper/esm/index.js?v=b2692b9b → 200 (161ms, 12896B)
[2026-04-03T18:11:47.725Z] GET http://localhost:4321/node_modules/astro/dist/runtime/client/dev-toolbar/apps/audit/rules/a11y.js?v=b2692b9b → 200 (5ms, 122184B)
[2026-04-03T18:11:47.725Z] GET http://localhost:4321/node_modules/astro/dist/runtime/client/dev-toolbar/apps/audit/rules/perf.js?v=b2692b9b → 200 (4ms, 23587B)
[2026-04-03T18:11:47.730Z] GET http://localhost:4321/node_modules/.vite/deps/astro___aria-query.js?v=1e3d1ff1 → 200 (24ms, 205280B)
[2026-04-03T18:11:47.730Z] GET http://localhost:4321/node_modules/.vite/deps/astro___axobject-query.js?v=1e3d1ff1 → 200 (28ms, 112534B)
[2026-04-03T18:11:47.771Z] GET http://localhost:4321/node_modules/.vite/deps/chunk-BUSYA2B4.js?v=b2692b9b → 200 (7ms, 1399B)
[2026-04-03T18:11:47.886Z] GET http://localhost:4321/images/wme-logo.png → 200 (6ms, 4418B)
[2026-04-03T18:11:47.893Z] GET http://localhost:4321/images/instar-blue.jpg → 200 (4ms, 54088B)
[2026-04-03T18:11:47.899Z] GET http://localhost:4321/images/instar-goal-map.jpg → 200 (13ms, 39035B)
[2026-04-03T18:11:47.914Z] GET http://localhost:4321/images/icon-latin-america.png → 200 (1ms, 3973B)
[2026-04-03T18:11:47.916Z] GET http://localhost:4321/images/icon-southeast-asia.png → 200 (10ms, 14383B)
[2026-04-03T18:11:47.926Z] GET http://localhost:4321/images/icon-africa.png → 200 (12ms, 2028B)
[2026-04-03T18:11:47.939Z] GET http://localhost:4321/images/icon-north-america.png → 200 (2ms, 4649B)
[2026-04-03T18:11:47.943Z] GET http://localhost:4321/images/events-icon.png → 200 (4ms, 896B)
[2026-04-03T18:11:47.948Z] GET http://localhost:4321/images/david-parish.png → 200 (3ms, 111605B)
[2026-04-03T18:11:47.961Z] GET http://localhost:4321/images/jacob-harlan.png → 200 (?ms, 97779B)
[2026-04-03T18:11:47.962Z] GET http://localhost:4321/images/trey-clendenen.png → 200 (2ms, 250516B)
[2026-04-03T18:11:47.964Z] GET http://localhost:4321/images/renee-driskill.png → 200 (7ms, 126216B)
[2026-04-03T18:11:47.973Z] GET http://localhost:4321/images/instar-blue.jpg → 200 (3ms, 54088B)
[2026-04-03T18:11:47.976Z] GET http://localhost:4321/images/wme-logo.png → 200 (5ms, 4418B)
[2026-04-03T18:12:48.222Z] GET http://localhost:4321/images/instar-goal-map.jpg → pending (?ms, ?B)
[2026-04-03T18:12:48.222Z] GET http://localhost:4321/images/icon-latin-america.png → pending (?ms, ?B)
[2026-04-03T18:12:48.222Z] GET http://localhost:4321/images/icon-southeast-asia.png → pending (?ms, ?B)
[2026-04-03T18:12:48.222Z] GET http://localhost:4321/images/icon-africa.png → pending (?ms, ?B)
[2026-04-03T18:12:48.223Z] GET http://localhost:4321/images/icon-north-america.png → pending (?ms, ?B)
[2026-04-03T18:12:48.223Z] GET http://localhost:4321/images/events-icon.png → pending (?ms, ?B)
[2026-04-03T18:12:49.435Z] GET http://localhost:4321/images/david-parish.png → pending (?ms, ?B)
[2026-04-03T18:12:49.435Z] GET http://localhost:4321/images/jacob-harlan.png → pending (?ms, ?B)
[2026-04-03T18:12:49.435Z] GET http://localhost:4321/images/trey-clendenen.png → pending (?ms, ?B)
[2026-04-03T18:12:49.435Z] GET http://localhost:4321/images/renee-driskill.png → pending (?ms, ?B)
[2026-04-03T18:12:50.962Z] GET http://localhost:4321/images/wme-logo.png → pending (?ms, ?B)
[2026-04-03T18:12:50.973Z] GET http://localhost:4321/images/instar-blue.jpg → pending (?ms, ?B)
[2026-04-03T18:12:50.974Z] GET http://localhost:4321/images/instar-goal-map.jpg → pending (?ms, ?B)
[2026-04-03T18:12:50.976Z] GET http://localhost:4321/images/icon-latin-america.png → pending (?ms, ?B)
[2026-04-03T18:12:50.977Z] GET http://localhost:4321/images/icon-southeast-asia.png → pending (?ms, ?B)
[2026-04-03T18:12:50.981Z] GET http://localhost:4321/images/icon-africa.png → pending (?ms, ?B)
[2026-04-03T18:12:50.983Z] GET http://localhost:4321/images/icon-north-america.png → pending (?ms, ?B)
[2026-04-03T18:12:50.983Z] GET http://localhost:4321/images/events-icon.png → pending (?ms, ?B)
[2026-04-03T18:12:50.983Z] GET http://localhost:4321/images/david-parish.png → pending (?ms, ?B)
[2026-04-03T18:12:50.983Z] GET http://localhost:4321/images/jacob-harlan.png → pending (?ms, ?B)
[2026-04-03T18:12:50.984Z] GET http://localhost:4321/images/trey-clendenen.png → pending (?ms, ?B)
[2026-04-03T18:12:50.984Z] GET http://localhost:4321/images/renee-driskill.png → pending (?ms, ?B)
[2026-04-03T18:12:50.985Z] GET http://localhost:4321/images/instar-blue.jpg → pending (?ms, ?B)
[2026-04-03T18:12:50.985Z] GET http://localhost:4321/images/wme-logo.png → pending (?ms, ?B)
[2026-04-03T18:13:39.875Z] GET http://localhost:4321/ → pending (?ms, ?B)
[2026-04-03T18:13:54.915Z] GET http://localhost:4321/ → 200 (18ms, 243220B)
[2026-04-03T18:13:54.952Z] GET https://fonts.googleapis.com/css2?family=DM+Serif+Display:ital@0;1&family=Inter:wght@300;400;500;600;700;800&display=swap → 200 (3ms, 16619B)
[2026-04-03T18:13:54.952Z] GET http://localhost:4321/@vite/client → 200 (118ms, 297607B)
[2026-04-03T18:13:54.954Z] GET http://localhost:4321/@fs/home/jefferey/local-git/wme/node_modules/astro/dist/runtime/client/dev-toolbar/entrypoint.js?v=187dce39 → 200 (115ms, 52465B)
[2026-04-03T18:13:54.954Z] GET http://localhost:4321/node_modules/@astrojs/tailwind/base.css → 200 (115ms, 49475B)
[2026-04-03T18:13:54.954Z] GET http://localhost:4321/src/components/Navbar.astro?astro&type=style&index=0&lang.css → 200 (114ms, 723B)
[2026-04-03T18:13:54.954Z] GET http://localhost:4321/src/styles/global.css → 200 (118ms, 58839B)
[2026-04-03T18:13:54.954Z] GET http://localhost:4321/images/wme-logo.png → 200 (78ms, 4418B)
[2026-04-03T18:13:54.954Z] GET http://localhost:4321/src/components/Navbar.astro?astro&type=script&index=0&lang.ts → 200 (115ms, 9048B)
[2026-04-03T18:13:54.954Z] GET http://localhost:4321/images/instar-blue.jpg → 200 (81ms, 54088B)
[2026-04-03T18:13:54.954Z] GET http://localhost:4321/src/layouts/Layout.astro?astro&type=script&index=0&lang.ts → 200 (118ms, 6879B)
[2026-04-03T18:13:55.031Z] GET https://fonts.gstatic.com/s/inter/v20/UcC73FwrK3iLTeHuS_nVMrMxCp50SjIa1ZL7.woff2 → 200 (3ms, 48256B)
[2026-04-03T18:13:55.031Z] GET https://fonts.gstatic.com/s/dmserifdisplay/v17/-nFnOHM81r4j6k0gjAW3mujVU2B2G_Bx0g.woff2 → 200 (3ms, 24744B)
[2026-04-03T18:13:55.072Z] GET http://localhost:4321/@id/__x00__astro:toolbar:internal → 200 (22ms, 8955B)
[2026-04-03T18:13:55.072Z] GET http://localhost:4321/node_modules/astro/dist/runtime/client/dev-toolbar/helpers.js?v=187dce39 → 200 (33ms, 14267B)
[2026-04-03T18:13:55.072Z] GET http://localhost:4321/node_modules/astro/dist/runtime/client/dev-toolbar/settings.js?v=187dce39 → 200 (34ms, 7936B)
[2026-04-03T18:13:55.072Z] GET http://localhost:4321/node_modules/vite/dist/client/env.mjs → 200 (34ms, 4377B)
[2026-04-03T18:13:55.233Z] GET http://localhost:4321/node_modules/astro/dist/runtime/client/dev-toolbar/ui-library/window.js?v=187dce39 → 200 (20ms, 19284B)
[2026-04-03T18:13:55.255Z] GET http://localhost:4321/node_modules/astro/dist/runtime/client/dev-toolbar/apps/astro.js?v=187dce39 → 200 (9ms, 109029B)
[2026-04-03T18:13:55.255Z] GET http://localhost:4321/node_modules/astro/dist/runtime/client/dev-toolbar/apps/audit/index.js?v=187dce39 → 200 (35ms, 37694B)
[2026-04-03T18:13:55.255Z] GET http://localhost:4321/node_modules/astro/dist/runtime/client/dev-toolbar/apps/xray.js?v=187dce39 → 200 (37ms, 30990B)
[2026-04-03T18:13:55.255Z] GET http://localhost:4321/node_modules/astro/dist/runtime/client/dev-toolbar/apps/settings.js?v=187dce39 → 200 (54ms, 35003B)
[2026-04-03T18:13:55.255Z] GET http://localhost:4321/node_modules/astro/dist/runtime/client/dev-toolbar/toolbar.js?v=187dce39 → 200 (58ms, 86326B)
[2026-04-03T18:13:55.257Z] GET http://localhost:4321/node_modules/astro/dist/runtime/client/dev-toolbar/ui-library/index.js?v=187dce39 → 200 (37ms, 6537B)
[2026-04-03T18:13:55.266Z] GET http://localhost:4321/node_modules/astro/dist/runtime/client/dev-toolbar/ui-library/icons.js?v=187dce39 → 200 (17ms, 277585B)
[2026-04-03T18:13:55.268Z] GET http://localhost:4321/node_modules/astro/dist/runtime/client/dev-toolbar/apps/utils/icons.js?v=187dce39 → 200 (46ms, 5650B)
[2026-04-03T18:13:55.268Z] GET http://localhost:4321/node_modules/astro/dist/runtime/client/dev-toolbar/apps/utils/window.js?v=187dce39 → 200 (46ms, 7595B)
[2026-04-03T18:13:55.290Z] GET http://localhost:4321/node_modules/astro/dist/runtime/client/dev-toolbar/apps/utils/highlight.js?v=187dce39 → 200 (24ms, 11750B)
[2026-04-03T18:13:55.290Z] GET http://localhost:4321/node_modules/astro/dist/runtime/client/dev-toolbar/apps/audit/annotations.js?v=187dce39 → 200 (25ms, 3862B)
[2026-04-03T18:13:55.291Z] GET http://localhost:4321/node_modules/astro/dist/runtime/client/dev-toolbar/apps/audit/rules/index.js?v=187dce39 → 200 (23ms, 7035B)
[2026-04-03T18:13:55.291Z] GET http://localhost:4321/node_modules/astro/dist/runtime/client/dev-toolbar/apps/audit/ui/audit-list-item.js?v=187dce39 → 200 (26ms, 16740B)
[2026-04-03T18:13:55.291Z] GET http://localhost:4321/node_modules/astro/dist/runtime/client/dev-toolbar/apps/audit/ui/audit-list-window.js?v=187dce39 → 200 (34ms, 52021B)
[2026-04-03T18:13:55.291Z] GET http://localhost:4321/node_modules/astro/dist/runtime/client/dev-toolbar/apps/audit/ui/audit-ui.js?v=187dce39 → 200 (34ms, 28018B)
[2026-04-03T18:13:55.293Z] GET http://localhost:4321/node_modules/html-escaper/esm/index.js?v=187dce39 → 200 (32ms, 12896B)
[2026-04-03T18:13:55.295Z] GET http://localhost:4321/node_modules/astro/dist/runtime/client/dev-toolbar/ui-library/badge.js?v=187dce39 → 200 (30ms, 16480B)
[2026-04-03T18:13:55.295Z] GET http://localhost:4321/node_modules/astro/dist/runtime/client/dev-toolbar/ui-library/button.js?v=187dce39 → 200 (34ms, 25195B)
[2026-04-03T18:13:55.295Z] GET http://localhost:4321/node_modules/astro/dist/runtime/client/dev-toolbar/ui-library/card.js?v=187dce39 → 200 (34ms, 19839B)
[2026-04-03T18:13:55.295Z] GET http://localhost:4321/node_modules/astro/dist/runtime/client/dev-toolbar/ui-library/highlight.js?v=187dce39 → 200 (38ms, 21660B)
[2026-04-03T18:13:55.295Z] GET http://localhost:4321/node_modules/astro/dist/runtime/client/dev-toolbar/ui-library/icon.js?v=187dce39 → 200 (42ms, 5667B)
[2026-04-03T18:13:55.295Z] GET http://localhost:4321/node_modules/astro/dist/runtime/client/dev-toolbar/ui-library/radio-checkbox.js?v=187dce39 → 200 (38ms, 16332B)
[2026-04-03T18:13:55.295Z] GET http://localhost:4321/node_modules/astro/dist/runtime/client/dev-toolbar/ui-library/select.js?v=187dce39 → 200 (43ms, 18147B)
[2026-04-03T18:13:55.295Z] GET http://localhost:4321/node_modules/astro/dist/runtime/client/dev-toolbar/ui-library/toggle.js?v=187dce39 → 200 (43ms, 19016B)
[2026-04-03T18:13:55.295Z] GET http://localhost:4321/node_modules/astro/dist/runtime/client/dev-toolbar/ui-library/tooltip.js?v=187dce39 → 200 (47ms, 23080B)
[2026-04-03T18:13:55.315Z] GET http://localhost:4321/node_modules/astro/dist/runtime/client/dev-toolbar/apps/audit/rules/a11y.js?v=187dce39 → 200 (28ms, 122184B)
[2026-04-03T18:13:55.315Z] GET http://localhost:4321/node_modules/astro/dist/runtime/client/dev-toolbar/apps/audit/rules/perf.js?v=187dce39 → 200 (29ms, 23587B)
[2026-04-03T18:13:55.343Z] GET http://localhost:4321/node_modules/.vite/deps/astro___aria-query.js?v=187dce39 → 200 (12ms, 205280B)
[2026-04-03T18:13:55.343Z] GET http://localhost:4321/node_modules/.vite/deps/astro___axobject-query.js?v=187dce39 → 200 (3ms, 112534B)
[2026-04-03T18:13:55.354Z] GET http://localhost:4321/node_modules/.vite/deps/chunk-BUSYA2B4.js?v=187dce39 → 200 (2ms, 1399B)
[2026-04-03T18:13:55.428Z] GET http://localhost:4321/images/wme-logo.png → 200 (10ms, 4418B)
[2026-04-03T18:13:55.440Z] GET http://localhost:4321/images/instar-blue.jpg → 200 (8ms, 54088B)
[2026-04-03T18:13:55.457Z] GET http://localhost:4321/images/instar-goal-map.jpg → 200 (?ms, 39035B)
[2026-04-03T18:13:55.457Z] GET http://localhost:4321/images/icon-latin-america.png → 200 (2ms, 3973B)
[2026-04-03T18:13:55.459Z] GET http://localhost:4321/images/icon-southeast-asia.png → 200 (2ms, 14383B)
[2026-04-03T18:13:55.462Z] GET http://localhost:4321/images/icon-africa.png → 200 (10ms, 2028B)
[2026-04-03T18:13:55.474Z] GET http://localhost:4321/images/icon-north-america.png → 200 (2ms, 4649B)
[2026-04-03T18:13:55.476Z] GET http://localhost:4321/images/events-icon.png → 200 (2ms, 896B)
[2026-04-03T18:13:55.478Z] GET http://localhost:4321/images/david-parish.png → 200 (1ms, 111605B)
[2026-04-03T18:13:55.479Z] GET http://localhost:4321/images/jacob-harlan.png → 200 (7ms, 97779B)
[2026-04-03T18:13:55.487Z] GET http://localhost:4321/images/trey-clendenen.png → 200 (2ms, 250516B)
[2026-04-03T18:13:55.491Z] GET http://localhost:4321/images/renee-driskill.png → 200 (?ms, 126216B)
[2026-04-03T18:13:55.491Z] GET http://localhost:4321/images/instar-blue.jpg → 200 (?ms, 54088B)
[2026-04-03T18:13:55.492Z] GET http://localhost:4321/images/wme-logo.png → 200 (?ms, 4418B)
[2026-04-03T18:14:03.268Z] GET http://localhost:4321/images/instar-goal-map.jpg → 200 (8ms, 39035B)
[2026-04-03T18:14:03.268Z] GET http://localhost:4321/images/icon-latin-america.png → 200 (8ms, 3973B)
[2026-04-03T18:14:03.268Z] GET http://localhost:4321/images/icon-southeast-asia.png → 200 (8ms, 14383B)
[2026-04-03T18:14:03.268Z] GET http://localhost:4321/images/icon-africa.png → 200 (9ms, 2028B)
[2026-04-03T18:14:03.268Z] GET http://localhost:4321/images/icon-north-america.png → 200 (17ms, 4649B)
[2026-04-03T18:14:03.269Z] GET http://localhost:4321/images/events-icon.png → 200 (21ms, 896B)
[2026-04-03T18:14:04.500Z] GET http://localhost:4321/images/david-parish.png → 200 (6ms, 111605B)
[2026-04-03T18:14:04.500Z] GET http://localhost:4321/images/jacob-harlan.png → 200 (6ms, ?B)
[2026-04-03T18:14:04.500Z] GET http://localhost:4321/images/trey-clendenen.png → 200 (6ms, ?B)
[2026-04-03T18:14:04.500Z] GET http://localhost:4321/images/renee-driskill.png → 200 (15ms, 126216B)
[2026-04-03T18:14:05.994Z] GET http://localhost:4321/images/wme-logo.png → 200 (1ms, 4418B)
[2026-04-03T18:14:05.996Z] GET http://localhost:4321/images/instar-blue.jpg → 200 (2ms, 54088B)
[2026-04-03T18:14:05.999Z] GET http://localhost:4321/images/instar-goal-map.jpg → 200 (2ms, 39035B)
[2026-04-03T18:14:06.002Z] GET http://localhost:4321/images/icon-latin-america.png → 200 (3ms, 3973B)
[2026-04-03T18:14:06.006Z] GET http://localhost:4321/images/icon-southeast-asia.png → 200 (9ms, 14383B)
[2026-04-03T18:14:06.015Z] GET http://localhost:4321/images/icon-africa.png → 200 (1ms, 2028B)
[2026-04-03T18:14:06.017Z] GET http://localhost:4321/images/icon-north-america.png → 200 (2ms, 4649B)
[2026-04-03T18:14:06.020Z] GET http://localhost:4321/images/events-icon.png → 200 (3ms, 896B)
[2026-04-03T18:14:06.024Z] GET http://localhost:4321/images/david-parish.png → 200 (7ms, 111605B)
[2026-04-03T18:14:06.031Z] GET http://localhost:4321/images/jacob-harlan.png → 200 (1ms, 97779B)
[2026-04-03T18:14:06.032Z] GET http://localhost:4321/images/trey-clendenen.png → 200 (1ms, 250516B)
[2026-04-03T18:14:06.035Z] GET http://localhost:4321/images/renee-driskill.png → 200 (5ms, 126216B)
[2026-04-03T18:14:06.040Z] GET http://localhost:4321/images/instar-blue.jpg → 200 (7ms, 54088B)
[2026-04-03T18:14:06.047Z] GET http://localhost:4321/images/wme-logo.png → 200 (1ms, 4418B)
[2026-04-03T18:16:23.216Z] GET http://localhost:4321/ → 200 (265ms, ?B)
[2026-04-03T18:16:23.494Z] GET https://fonts.googleapis.com/css2?family=DM+Serif+Display:ital@0;1&family=Inter:wght@300;400;500;600;700;800&display=swap → 200 (4ms, ?B)
[2026-04-03T18:16:23.499Z] GET http://localhost:4321/@vite/client → pending (?ms, ?B)
[2026-04-03T18:16:23.499Z] GET http://localhost:4321/@fs/home/jefferey/local-git/wme/node_modules/astro/dist/runtime/client/dev-toolbar/entrypoint.js?v=187dce39 → 200 (?ms, ?B)
[2026-04-03T18:16:23.499Z] GET http://localhost:4321/node_modules/@astrojs/tailwind/base.css → pending (?ms, ?B)
[2026-04-03T18:16:23.499Z] GET http://localhost:4321/src/components/Navbar.astro?astro&type=style&index=0&lang.css → pending (?ms, ?B)
[2026-04-03T18:16:23.500Z] GET http://localhost:4321/src/styles/global.css → pending (?ms, ?B)
[2026-04-03T18:16:23.500Z] GET http://localhost:4321/images/wme-logo.png → pending (?ms, ?B)
[2026-04-03T18:16:23.500Z] GET http://localhost:4321/src/components/Navbar.astro?astro&type=script&index=0&lang.ts → pending (?ms, ?B)
[2026-04-03T18:16:23.500Z] GET http://localhost:4321/images/instar-blue.jpg → pending (?ms, ?B)
[2026-04-03T18:16:23.500Z] GET http://localhost:4321/src/layouts/Layout.astro?astro&type=script&index=0&lang.ts → pending (?ms, ?B)
[2026-04-03T18:16:23.555Z] GET https://fonts.gstatic.com/s/dmserifdisplay/v17/-nFnOHM81r4j6k0gjAW3mujVU2B2G_Bx0g.woff2 → 200 (?ms, ?B)
[2026-04-03T18:16:23.556Z] GET https://fonts.gstatic.com/s/inter/v20/UcC73FwrK3iLTeHuS_nVMrMxCp50SjIa1ZL7.woff2 → 200 (?ms, ?B)
[2026-04-03T18:16:23.571Z] GET http://localhost:4321/@id/__x00__astro:toolbar:internal → 200 (131ms, 8955B)
[2026-04-03T18:16:23.571Z] GET http://localhost:4321/node_modules/astro/dist/runtime/client/dev-toolbar/helpers.js?v=187dce39 → 200 (1ms, 14267B)
[2026-04-03T18:16:23.573Z] GET http://localhost:4321/node_modules/astro/dist/runtime/client/dev-toolbar/settings.js?v=187dce39 → 200 (?ms, 7936B)
[2026-04-03T18:16:23.590Z] GET http://localhost:4321/node_modules/vite/dist/client/env.mjs → 200 (112ms, 4377B)
[2026-04-03T18:16:23.591Z] GET http://localhost:4321/node_modules/astro/dist/runtime/client/dev-toolbar/ui-library/window.js?v=187dce39 → 200 (?ms, 19284B)
[2026-04-03T18:16:23.702Z] GET http://localhost:4321/node_modules/astro/dist/runtime/client/dev-toolbar/apps/astro.js?v=187dce39 → 200 (?ms, 109029B)
[2026-04-03T18:16:23.702Z] GET http://localhost:4321/node_modules/astro/dist/runtime/client/dev-toolbar/apps/audit/index.js?v=187dce39 → 200 (?ms, 37694B)
[2026-04-03T18:16:23.703Z] GET http://localhost:4321/node_modules/astro/dist/runtime/client/dev-toolbar/apps/xray.js?v=187dce39 → 200 (?ms, 30990B)
[2026-04-03T18:16:23.703Z] GET http://localhost:4321/node_modules/astro/dist/runtime/client/dev-toolbar/apps/settings.js?v=187dce39 → 200 (?ms, 35003B)
[2026-04-03T18:16:23.703Z] GET http://localhost:4321/node_modules/astro/dist/runtime/client/dev-toolbar/toolbar.js?v=187dce39 → 200 (?ms, 86326B)
[2026-04-03T18:16:23.703Z] GET http://localhost:4321/node_modules/astro/dist/runtime/client/dev-toolbar/ui-library/index.js?v=187dce39 → 200 (?ms, 6537B)
[2026-04-03T18:16:23.703Z] GET http://localhost:4321/node_modules/astro/dist/runtime/client/dev-toolbar/ui-library/icons.js?v=187dce39 → 200 (?ms, 277585B)
[2026-04-03T18:16:23.703Z] GET http://localhost:4321/node_modules/astro/dist/runtime/client/dev-toolbar/apps/utils/icons.js?v=187dce39 → 200 (?ms, 5650B)
[2026-04-03T18:16:23.704Z] GET http://localhost:4321/node_modules/astro/dist/runtime/client/dev-toolbar/apps/utils/window.js?v=187dce39 → 200 (?ms, 7595B)
[2026-04-03T18:16:23.708Z] GET http://localhost:4321/node_modules/astro/dist/runtime/client/dev-toolbar/apps/utils/highlight.js?v=187dce39 → 200 (?ms, 11750B)
[2026-04-03T18:16:23.708Z] GET http://localhost:4321/node_modules/astro/dist/runtime/client/dev-toolbar/apps/audit/annotations.js?v=187dce39 → 200 (?ms, 3862B)
[2026-04-03T18:16:23.708Z] GET http://localhost:4321/node_modules/astro/dist/runtime/client/dev-toolbar/apps/audit/rules/index.js?v=187dce39 → 200 (?ms, 7035B)
[2026-04-03T18:16:23.708Z] GET http://localhost:4321/node_modules/astro/dist/runtime/client/dev-toolbar/apps/audit/ui/audit-list-item.js?v=187dce39 → 200 (?ms, 16740B)
[2026-04-03T18:16:23.708Z] GET http://localhost:4321/node_modules/astro/dist/runtime/client/dev-toolbar/apps/audit/ui/audit-list-window.js?v=187dce39 → 200 (?ms, 52021B)
[2026-04-03T18:16:23.708Z] GET http://localhost:4321/node_modules/astro/dist/runtime/client/dev-toolbar/apps/audit/ui/audit-ui.js?v=187dce39 → 200 (?ms, 28018B)
[2026-04-03T18:16:23.708Z] GET http://localhost:4321/node_modules/html-escaper/esm/index.js?v=187dce39 → 200 (?ms, 12896B)
[2026-04-03T18:16:23.709Z] GET http://localhost:4321/node_modules/astro/dist/runtime/client/dev-toolbar/ui-library/badge.js?v=187dce39 → 200 (?ms, 16480B)
[2026-04-03T18:16:23.709Z] GET http://localhost:4321/node_modules/astro/dist/runtime/client/dev-toolbar/ui-library/button.js?v=187dce39 → 200 (?ms, 25195B)
[2026-04-03T18:16:23.709Z] GET http://localhost:4321/node_modules/astro/dist/runtime/client/dev-toolbar/ui-library/card.js?v=187dce39 → 200 (?ms, 19839B)
[2026-04-03T18:16:23.709Z] GET http://localhost:4321/node_modules/astro/dist/runtime/client/dev-toolbar/ui-library/highlight.js?v=187dce39 → 200 (?ms, 21660B)
[2026-04-03T18:16:23.709Z] GET http://localhost:4321/node_modules/astro/dist/runtime/client/dev-toolbar/ui-library/icon.js?v=187dce39 → 200 (?ms, 5667B)
[2026-04-03T18:16:23.709Z] GET http://localhost:4321/node_modules/astro/dist/runtime/client/dev-toolbar/ui-library/radio-checkbox.js?v=187dce39 → 200 (?ms, 16332B)
[2026-04-03T18:16:23.709Z] GET http://localhost:4321/node_modules/astro/dist/runtime/client/dev-toolbar/ui-library/select.js?v=187dce39 → 200 (?ms, 18147B)
[2026-04-03T18:16:23.709Z] GET http://localhost:4321/node_modules/astro/dist/runtime/client/dev-toolbar/ui-library/toggle.js?v=187dce39 → 200 (?ms, 19016B)
[2026-04-03T18:16:23.710Z] GET http://localhost:4321/node_modules/astro/dist/runtime/client/dev-toolbar/ui-library/tooltip.js?v=187dce39 → 200 (?ms, 23080B)
[2026-04-03T18:16:23.710Z] GET http://localhost:4321/node_modules/astro/dist/runtime/client/dev-toolbar/apps/audit/rules/a11y.js?v=187dce39 → 200 (?ms, 122184B)
[2026-04-03T18:16:23.710Z] GET http://localhost:4321/node_modules/astro/dist/runtime/client/dev-toolbar/apps/audit/rules/perf.js?v=187dce39 → 200 (?ms, 23587B)
[2026-04-03T18:16:23.710Z] GET http://localhost:4321/node_modules/.vite/deps/astro___aria-query.js?v=187dce39 → 200 (?ms, 205280B)
[2026-04-03T18:16:23.721Z] GET http://localhost:4321/node_modules/.vite/deps/astro___axobject-query.js?v=187dce39 → 200 (?ms, 112534B)
[2026-04-03T18:16:23.722Z] GET http://localhost:4321/node_modules/.vite/deps/chunk-BUSYA2B4.js?v=187dce39 → 200 (?ms, 1399B)
[2026-04-03T18:16:23.791Z] GET http://localhost:4321/images/wme-logo.png → 200 (7ms, 4418B)
[2026-04-03T18:16:23.798Z] GET http://localhost:4321/images/instar-blue.jpg → 200 (1ms, 54088B)
[2026-04-03T18:16:23.800Z] GET http://localhost:4321/images/instar-goal-map.jpg → 200 (3ms, 39035B)
[2026-04-03T18:16:23.804Z] GET http://localhost:4321/images/icon-latin-america.png → 200 (4ms, 3973B)
[2026-04-03T18:16:23.813Z] GET http://localhost:4321/images/icon-southeast-asia.png → 200 (4ms, 14383B)
[2026-04-03T18:16:23.817Z] GET http://localhost:4321/images/icon-africa.png → 200 (2ms, 2028B)
[2026-04-03T18:16:23.820Z] GET http://localhost:4321/images/icon-north-america.png → 200 (4ms, 4649B)
[2026-04-03T18:16:23.828Z] GET http://localhost:4321/images/events-icon.png → 200 (1ms, 896B)
[2026-04-03T18:16:23.829Z] GET http://localhost:4321/images/david-parish.png → 200 (2ms, 111605B)
[2026-04-03T18:16:23.832Z] GET http://localhost:4321/images/jacob-harlan.png → 200 (5ms, 97779B)
[2026-04-03T18:16:23.838Z] GET http://localhost:4321/images/trey-clendenen.png → 200 (8ms, 250516B)
[2026-04-03T18:16:23.848Z] GET http://localhost:4321/images/renee-driskill.png → 200 (?ms, 126216B)
[2026-04-03T18:16:23.849Z] GET http://localhost:4321/images/instar-blue.jpg → 200 (2ms, 54088B)
[2026-04-03T18:16:23.851Z] GET http://localhost:4321/images/wme-logo.png → 200 (1ms, 4418B)
[2026-04-03T18:16:29.988Z] GET http://localhost:4321/ → 200 (20ms, 243811B)
[2026-04-03T18:16:30.021Z] GET https://fonts.googleapis.com/css2?family=DM+Serif+Display:ital@0;1&family=Inter:wght@300;400;500;600;700;800&display=swap → 200 (2ms, 16619B)
[2026-04-03T18:16:30.023Z] GET http://localhost:4321/@vite/client → 304 (6ms, ?B)
[2026-04-03T18:16:30.023Z] GET http://localhost:4321/@fs/home/jefferey/local-git/wme/node_modules/astro/dist/runtime/client/dev-toolbar/entrypoint.js?v=187dce39 → 200 (?ms, 52465B)
[2026-04-03T18:16:30.024Z] GET http://localhost:4321/node_modules/@astrojs/tailwind/base.css → 304 (67ms, ?B)
[2026-04-03T18:16:30.024Z] GET http://localhost:4321/src/components/Navbar.astro?astro&type=style&index=0&lang.css → 304 (67ms, ?B)
[2026-04-03T18:16:30.024Z] GET http://localhost:4321/src/styles/global.css → 304 (67ms, ?B)
[2026-04-03T18:16:30.024Z] GET http://localhost:4321/images/wme-logo.png → 200 (7ms, 4418B)
[2026-04-03T18:16:30.024Z] GET http://localhost:4321/src/components/Navbar.astro?astro&type=script&index=0&lang.ts → 304 (67ms, ?B)
[2026-04-03T18:16:30.024Z] GET http://localhost:4321/images/instar-blue.jpg → 200 (8ms, 54088B)
[2026-04-03T18:16:30.024Z] GET http://localhost:4321/src/layouts/Layout.astro?astro&type=script&index=0&lang.ts → 304 (69ms, ?B)
[2026-04-03T18:16:30.089Z] GET https://fonts.gstatic.com/s/dmserifdisplay/v17/-nFnOHM81r4j6k0gjAW3mujVU2B2G_Bx0g.woff2 → 200 (?ms, ?B)
[2026-04-03T18:16:30.090Z] GET https://fonts.gstatic.com/s/inter/v20/UcC73FwrK3iLTeHuS_nVMrMxCp50SjIa1ZL7.woff2 → 200 (1ms, ?B)
[2026-04-03T18:16:30.093Z] GET http://localhost:4321/node_modules/vite/dist/client/env.mjs → 304 (15ms, ?B)
[2026-04-03T18:16:30.093Z] GET http://localhost:4321/@id/__x00__astro:toolbar:internal → 304 (15ms, ?B)
[2026-04-03T18:16:30.093Z] GET http://localhost:4321/node_modules/astro/dist/runtime/client/dev-toolbar/helpers.js?v=187dce39 → 200 (?ms, 14267B)
[2026-04-03T18:16:30.093Z] GET http://localhost:4321/node_modules/astro/dist/runtime/client/dev-toolbar/settings.js?v=187dce39 → 200 (?ms, 7936B)
[2026-04-03T18:16:30.102Z] GET http://localhost:4321/node_modules/astro/dist/runtime/client/dev-toolbar/ui-library/window.js?v=187dce39 → 200 (1ms, 19284B)
[2026-04-03T18:16:30.182Z] GET http://localhost:4321/node_modules/astro/dist/runtime/client/dev-toolbar/apps/astro.js?v=187dce39 → 200 (?ms, 109029B)
[2026-04-03T18:16:30.183Z] GET http://localhost:4321/node_modules/astro/dist/runtime/client/dev-toolbar/apps/audit/index.js?v=187dce39 → 200 (?ms, 37694B)
[2026-04-03T18:16:30.183Z] GET http://localhost:4321/node_modules/astro/dist/runtime/client/dev-toolbar/apps/xray.js?v=187dce39 → 200 (?ms, 30990B)
[2026-04-03T18:16:30.183Z] GET http://localhost:4321/node_modules/astro/dist/runtime/client/dev-toolbar/apps/settings.js?v=187dce39 → 200 (2ms, 35003B)
[2026-04-03T18:16:30.185Z] GET http://localhost:4321/node_modules/astro/dist/runtime/client/dev-toolbar/toolbar.js?v=187dce39 → 200 (?ms, 86326B)
[2026-04-03T18:16:30.186Z] GET http://localhost:4321/node_modules/astro/dist/runtime/client/dev-toolbar/ui-library/index.js?v=187dce39 → 200 (?ms, 6537B)
[2026-04-03T18:16:30.191Z] GET http://localhost:4321/node_modules/astro/dist/runtime/client/dev-toolbar/ui-library/icons.js?v=187dce39 → 200 (?ms, 277585B)
[2026-04-03T18:16:30.192Z] GET http://localhost:4321/node_modules/astro/dist/runtime/client/dev-toolbar/apps/utils/icons.js?v=187dce39 → 200 (?ms, 5650B)
[2026-04-03T18:16:30.192Z] GET http://localhost:4321/node_modules/astro/dist/runtime/client/dev-toolbar/apps/utils/window.js?v=187dce39 → 200 (?ms, 7595B)
[2026-04-03T18:16:30.192Z] GET http://localhost:4321/node_modules/astro/dist/runtime/client/dev-toolbar/apps/utils/highlight.js?v=187dce39 → 200 (?ms, 11750B)
[2026-04-03T18:16:30.192Z] GET http://localhost:4321/node_modules/astro/dist/runtime/client/dev-toolbar/apps/audit/annotations.js?v=187dce39 → 200 (?ms, 3862B)
[2026-04-03T18:16:30.193Z] GET http://localhost:4321/node_modules/astro/dist/runtime/client/dev-toolbar/apps/audit/rules/index.js?v=187dce39 → 200 (?ms, 7035B)
[2026-04-03T18:16:30.193Z] GET http://localhost:4321/node_modules/astro/dist/runtime/client/dev-toolbar/apps/audit/ui/audit-list-item.js?v=187dce39 → 200 (?ms, 16740B)
[2026-04-03T18:16:30.193Z] GET http://localhost:4321/node_modules/astro/dist/runtime/client/dev-toolbar/apps/audit/ui/audit-list-window.js?v=187dce39 → 200 (?ms, 52021B)
[2026-04-03T18:16:30.193Z] GET http://localhost:4321/node_modules/astro/dist/runtime/client/dev-toolbar/apps/audit/ui/audit-ui.js?v=187dce39 → 200 (?ms, 28018B)
[2026-04-03T18:16:30.194Z] GET http://localhost:4321/node_modules/html-escaper/esm/index.js?v=187dce39 → 200 (?ms, 12896B)
[2026-04-03T18:16:30.205Z] GET http://localhost:4321/node_modules/astro/dist/runtime/client/dev-toolbar/ui-library/badge.js?v=187dce39 → 200 (?ms, 16480B)
[2026-04-03T18:16:30.205Z] GET http://localhost:4321/node_modules/astro/dist/runtime/client/dev-toolbar/ui-library/button.js?v=187dce39 → 200 (?ms, 25195B)
[2026-04-03T18:16:30.206Z] GET http://localhost:4321/node_modules/astro/dist/runtime/client/dev-toolbar/ui-library/card.js?v=187dce39 → 200 (?ms, 19839B)
[2026-04-03T18:16:30.206Z] GET http://localhost:4321/node_modules/astro/dist/runtime/client/dev-toolbar/ui-library/highlight.js?v=187dce39 → 200 (?ms, 21660B)
[2026-04-03T18:16:30.206Z] GET http://localhost:4321/node_modules/astro/dist/runtime/client/dev-toolbar/ui-library/icon.js?v=187dce39 → 200 (?ms, 5667B)
[2026-04-03T18:16:30.206Z] GET http://localhost:4321/node_modules/astro/dist/runtime/client/dev-toolbar/ui-library/radio-checkbox.js?v=187dce39 → 200 (?ms, 16332B)
[2026-04-03T18:16:30.206Z] GET http://localhost:4321/node_modules/astro/dist/runtime/client/dev-toolbar/ui-library/select.js?v=187dce39 → 200 (?ms, 18147B)
[2026-04-03T18:16:30.207Z] GET http://localhost:4321/node_modules/astro/dist/runtime/client/dev-toolbar/ui-library/toggle.js?v=187dce39 → 200 (?ms, 19016B)
[2026-04-03T18:16:30.207Z] GET http://localhost:4321/node_modules/astro/dist/runtime/client/dev-toolbar/ui-library/tooltip.js?v=187dce39 → 200 (?ms, 23080B)
[2026-04-03T18:16:30.207Z] GET http://localhost:4321/node_modules/astro/dist/runtime/client/dev-toolbar/apps/audit/rules/a11y.js?v=187dce39 → 200 (?ms, 122184B)
[2026-04-03T18:16:30.207Z] GET http://localhost:4321/node_modules/astro/dist/runtime/client/dev-toolbar/apps/audit/rules/perf.js?v=187dce39 → 200 (1ms, 23587B)
[2026-04-03T18:16:30.208Z] GET http://localhost:4321/node_modules/.vite/deps/astro___aria-query.js?v=187dce39 → 200 (?ms, 205280B)
[2026-04-03T18:16:30.208Z] GET http://localhost:4321/node_modules/.vite/deps/astro___axobject-query.js?v=187dce39 → 200 (?ms, 112534B)
[2026-04-03T18:16:30.208Z] GET http://localhost:4321/node_modules/.vite/deps/chunk-BUSYA2B4.js?v=187dce39 → 200 (?ms, 1399B)
[2026-04-03T18:16:30.274Z] GET http://localhost:4321/images/wme-logo.png → 200 (4ms, 4418B)
[2026-04-03T18:16:30.279Z] GET http://localhost:4321/images/instar-blue.jpg → 200 (6ms, 54088B)
[2026-04-03T18:16:30.285Z] GET http://localhost:4321/images/instar-goal-map.jpg → 200 (2ms, 39035B)
[2026-04-03T18:16:30.287Z] GET http://localhost:4321/images/icon-latin-america.png → 200 (17ms, 3973B)
[2026-04-03T18:16:30.305Z] GET http://localhost:4321/images/icon-southeast-asia.png → 200 (1ms, 14383B)
[2026-04-03T18:16:30.307Z] GET http://localhost:4321/images/icon-africa.png → 200 (3ms, 2028B)
[2026-04-03T18:16:30.311Z] GET http://localhost:4321/images/icon-north-america.png → 200 (8ms, 4649B)
[2026-04-03T18:16:30.320Z] GET http://localhost:4321/images/events-icon.png → 200 (?ms, 896B)
[2026-04-03T18:16:30.321Z] GET http://localhost:4321/images/david-parish.png → 200 (1ms, 111605B)
[2026-04-03T18:16:30.323Z] GET http://localhost:4321/images/jacob-harlan.png → 200 (3ms, 97779B)
[2026-04-03T18:16:30.327Z] GET http://localhost:4321/images/trey-clendenen.png → 200 (7ms, 250516B)
[2026-04-03T18:16:30.335Z] GET http://localhost:4321/images/renee-driskill.png → 200 (1ms, 126216B)
[2026-04-03T18:16:30.337Z] GET http://localhost:4321/images/instar-blue.jpg → 200 (3ms, 54088B)
[2026-04-03T18:16:30.342Z] GET http://localhost:4321/images/wme-logo.png → 200 (6ms, 4418B)
[2026-04-03T18:16:30.463Z] GET http://localhost:4321/images/instar-goal-map.jpg → 200 (3ms, 39035B)
[2026-04-03T18:16:30.463Z] GET http://localhost:4321/images/icon-latin-america.png → 200 (4ms, 3973B)
[2026-04-03T18:16:30.464Z] GET http://localhost:4321/images/icon-southeast-asia.png → 200 (4ms, 14383B)
[2026-04-03T18:16:30.464Z] GET http://localhost:4321/images/icon-africa.png → 200 (4ms, 2028B)
[2026-04-03T18:16:30.464Z] GET http://localhost:4321/images/icon-north-america.png → 200 (5ms, 4649B)
[2026-04-03T18:16:30.464Z] GET http://localhost:4321/images/events-icon.png → 200 (5ms, 896B)
[2026-04-03T18:16:30.464Z] GET http://localhost:4321/images/david-parish.png → 200 (8ms, 111605B)
[2026-04-03T18:16:30.464Z] GET http://localhost:4321/images/jacob-harlan.png → 200 (8ms, 97779B)
[2026-04-03T18:16:30.465Z] GET http://localhost:4321/images/trey-clendenen.png → 200 (8ms, 250516B)
[2026-04-03T18:16:30.465Z] GET http://localhost:4321/images/renee-driskill.png → 200 (9ms, 126216B)
[2026-04-03T18:17:08.584Z] GET http://localhost:4321/ → 200 (268ms, 243811B)
[2026-04-03T18:17:08.870Z] GET https://fonts.googleapis.com/css2?family=DM+Serif+Display:ital@0;1&family=Inter:wght@300;400;500;600;700;800&display=swap → 200 (1ms, 16619B)
[2026-04-03T18:17:08.872Z] GET http://localhost:4321/@vite/client → 200 (77ms, 297607B)
[2026-04-03T18:17:08.872Z] GET http://localhost:4321/@fs/home/jefferey/local-git/wme/node_modules/astro/dist/runtime/client/dev-toolbar/entrypoint.js?v=187dce39 → 200 (?ms, 52465B)
[2026-04-03T18:17:08.872Z] GET http://localhost:4321/node_modules/@astrojs/tailwind/base.css → 200 (81ms, 49676B)
[2026-04-03T18:17:08.872Z] GET http://localhost:4321/src/components/Navbar.astro?astro&type=style&index=0&lang.css → 200 (74ms, 723B)
[2026-04-03T18:17:08.873Z] GET http://localhost:4321/src/styles/global.css → 200 (83ms, 59039B)
[2026-04-03T18:17:08.873Z] GET http://localhost:4321/images/wme-logo.png → 200 (11ms, 4418B)
[2026-04-03T18:17:08.873Z] GET http://localhost:4321/src/components/Navbar.astro?astro&type=script&index=0&lang.ts → 200 (84ms, 7742B)
[2026-04-03T18:17:08.873Z] GET http://localhost:4321/images/instar-blue.jpg → 200 (12ms, 54088B)
[2026-04-03T18:17:08.873Z] GET http://localhost:4321/src/layouts/Layout.astro?astro&type=script&index=0&lang.ts → 200 (78ms, 6879B)
[2026-04-03T18:17:08.937Z] GET https://fonts.gstatic.com/s/dmserifdisplay/v17/-nFnOHM81r4j6k0gjAW3mujVU2B2G_Bx0g.woff2 → 200 (?ms, ?B)
[2026-04-03T18:17:08.945Z] GET https://fonts.gstatic.com/s/inter/v20/UcC73FwrK3iLTeHuS_nVMrMxCp50SjIa1ZL7.woff2 → 200 (?ms, ?B)
[2026-04-03T18:17:08.945Z] GET http://localhost:4321/images/instar-goal-map.jpg → 304 (11ms, ?B)
[2026-04-03T18:17:08.946Z] GET http://localhost:4321/images/icon-latin-america.png → 304 (10ms, ?B)
[2026-04-03T18:17:08.946Z] GET http://localhost:4321/images/icon-southeast-asia.png → 304 (11ms, ?B)
[2026-04-03T18:17:08.946Z] GET http://localhost:4321/images/icon-africa.png → 304 (11ms, ?B)
[2026-04-03T18:17:08.946Z] GET http://localhost:4321/images/icon-north-america.png → 304 (17ms, ?B)
[2026-04-03T18:17:08.946Z] GET http://localhost:4321/images/events-icon.png → 304 (11ms, ?B)
[2026-04-03T18:17:08.946Z] GET http://localhost:4321/images/david-parish.png → 304 (20ms, ?B)
[2026-04-03T18:17:08.946Z] GET http://localhost:4321/images/jacob-harlan.png → 304 (21ms, ?B)
[2026-04-03T18:17:08.946Z] GET http://localhost:4321/images/trey-clendenen.png → 304 (21ms, ?B)
[2026-04-03T18:17:08.946Z] GET http://localhost:4321/images/renee-driskill.png → 304 (21ms, ?B)
[2026-04-03T18:17:08.950Z] GET http://localhost:4321/@id/__x00__astro:toolbar:internal → 200 (17ms, 8955B)
[2026-04-03T18:17:08.950Z] GET http://localhost:4321/node_modules/astro/dist/runtime/client/dev-toolbar/helpers.js?v=187dce39 → 200 (?ms, 14267B)
[2026-04-03T18:17:08.950Z] GET http://localhost:4321/node_modules/astro/dist/runtime/client/dev-toolbar/settings.js?v=187dce39 → 200 (?ms, 7936B)
[2026-04-03T18:17:08.954Z] GET http://localhost:4321/node_modules/vite/dist/client/env.mjs → 200 (13ms, 4377B)
[2026-04-03T18:17:08.954Z] GET http://localhost:4321/node_modules/astro/dist/runtime/client/dev-toolbar/ui-library/window.js?v=187dce39 → 200 (?ms, 19284B)
[2026-04-03T18:17:08.983Z] GET http://localhost:4321/node_modules/astro/dist/runtime/client/dev-toolbar/apps/astro.js?v=187dce39 → 200 (?ms, 109029B)
[2026-04-03T18:17:08.983Z] GET http://localhost:4321/node_modules/astro/dist/runtime/client/dev-toolbar/apps/audit/index.js?v=187dce39 → 200 (1ms, 37694B)
[2026-04-03T18:17:08.984Z] GET http://localhost:4321/node_modules/astro/dist/runtime/client/dev-toolbar/apps/xray.js?v=187dce39 → 200 (?ms, 30990B)
[2026-04-03T18:17:08.984Z] GET http://localhost:4321/node_modules/astro/dist/runtime/client/dev-toolbar/apps/settings.js?v=187dce39 → 200 (?ms, 35003B)
[2026-04-03T18:17:08.984Z] GET http://localhost:4321/node_modules/astro/dist/runtime/client/dev-toolbar/toolbar.js?v=187dce39 → 200 (?ms, 86326B)
[2026-04-03T18:17:08.984Z] GET http://localhost:4321/node_modules/astro/dist/runtime/client/dev-toolbar/ui-library/index.js?v=187dce39 → 200 (?ms, 6537B)
[2026-04-03T18:17:08.999Z] GET http://localhost:4321/node_modules/astro/dist/runtime/client/dev-toolbar/ui-library/icons.js?v=187dce39 → 200 (?ms, 277585B)
[2026-04-03T18:17:09.000Z] GET http://localhost:4321/node_modules/astro/dist/runtime/client/dev-toolbar/apps/utils/icons.js?v=187dce39 → 200 (?ms, 5650B)
[2026-04-03T18:17:09.000Z] GET http://localhost:4321/node_modules/astro/dist/runtime/client/dev-toolbar/apps/utils/window.js?v=187dce39 → 200 (?ms, 7595B)
[2026-04-03T18:17:09.000Z] GET http://localhost:4321/node_modules/astro/dist/runtime/client/dev-toolbar/apps/utils/highlight.js?v=187dce39 → 200 (?ms, 11750B)
[2026-04-03T18:17:09.000Z] GET http://localhost:4321/node_modules/astro/dist/runtime/client/dev-toolbar/apps/audit/annotations.js?v=187dce39 → 200 (?ms, 3862B)
[2026-04-03T18:17:09.000Z] GET http://localhost:4321/node_modules/astro/dist/runtime/client/dev-toolbar/apps/audit/rules/index.js?v=187dce39 → 200 (?ms, 7035B)
[2026-04-03T18:17:09.000Z] GET http://localhost:4321/node_modules/astro/dist/runtime/client/dev-toolbar/apps/audit/ui/audit-list-item.js?v=187dce39 → 200 (?ms, 16740B)
[2026-04-03T18:17:09.001Z] GET http://localhost:4321/node_modules/astro/dist/runtime/client/dev-toolbar/apps/audit/ui/audit-list-window.js?v=187dce39 → 200 (?ms, 52021B)
[2026-04-03T18:17:09.001Z] GET http://localhost:4321/node_modules/astro/dist/runtime/client/dev-toolbar/apps/audit/ui/audit-ui.js?v=187dce39 → 200 (?ms, 28018B)
[2026-04-03T18:17:09.001Z] GET http://localhost:4321/node_modules/html-escaper/esm/index.js?v=187dce39 → 200 (?ms, 12896B)
[2026-04-03T18:17:09.001Z] GET http://localhost:4321/node_modules/astro/dist/runtime/client/dev-toolbar/ui-library/badge.js?v=187dce39 → 200 (?ms, 16480B)
[2026-04-03T18:17:09.001Z] GET http://localhost:4321/node_modules/astro/dist/runtime/client/dev-toolbar/ui-library/button.js?v=187dce39 → 200 (?ms, 25195B)
[2026-04-03T18:17:09.001Z] GET http://localhost:4321/node_modules/astro/dist/runtime/client/dev-toolbar/ui-library/card.js?v=187dce39 → 200 (?ms, 19839B)
[2026-04-03T18:17:09.002Z] GET http://localhost:4321/node_modules/astro/dist/runtime/client/dev-toolbar/ui-library/highlight.js?v=187dce39 → 200 (?ms, 21660B)
[2026-04-03T18:17:09.002Z] GET http://localhost:4321/node_modules/astro/dist/runtime/client/dev-toolbar/ui-library/icon.js?v=187dce39 → 200 (?ms, 5667B)
[2026-04-03T18:17:09.002Z] GET http://localhost:4321/node_modules/astro/dist/runtime/client/dev-toolbar/ui-library/radio-checkbox.js?v=187dce39 → 200 (?ms, 16332B)
[2026-04-03T18:17:09.002Z] GET http://localhost:4321/node_modules/astro/dist/runtime/client/dev-toolbar/ui-library/select.js?v=187dce39 → 200 (?ms, 18147B)
[2026-04-03T18:17:09.002Z] GET http://localhost:4321/node_modules/astro/dist/runtime/client/dev-toolbar/ui-library/toggle.js?v=187dce39 → 200 (?ms, 19016B)
[2026-04-03T18:17:09.002Z] GET http://localhost:4321/node_modules/astro/dist/runtime/client/dev-toolbar/ui-library/tooltip.js?v=187dce39 → 200 (1ms, 23080B)
[2026-04-03T18:17:09.016Z] GET http://localhost:4321/node_modules/astro/dist/runtime/client/dev-toolbar/apps/audit/rules/a11y.js?v=187dce39 → 200 (?ms, 122184B)
[2026-04-03T18:17:09.016Z] GET http://localhost:4321/node_modules/astro/dist/runtime/client/dev-toolbar/apps/audit/rules/perf.js?v=187dce39 → 200 (?ms, 23587B)
[2026-04-03T18:17:09.021Z] GET http://localhost:4321/node_modules/.vite/deps/astro___aria-query.js?v=187dce39 → 200 (?ms, 205280B)
[2026-04-03T18:17:09.022Z] GET http://localhost:4321/node_modules/.vite/deps/astro___axobject-query.js?v=187dce39 → 200 (?ms, 112534B)
[2026-04-03T18:17:09.022Z] GET http://localhost:4321/node_modules/.vite/deps/chunk-BUSYA2B4.js?v=187dce39 → 200 (?ms, 1399B)
[2026-04-03T18:17:09.092Z] GET http://localhost:4321/images/wme-logo.png → 200 (5ms, 4418B)
[2026-04-03T18:17:09.099Z] GET http://localhost:4321/images/instar-blue.jpg → 200 (20ms, 54088B)
[2026-04-03T18:17:09.119Z] GET http://localhost:4321/images/instar-goal-map.jpg → 200 (?ms, 39035B)
[2026-04-03T18:17:09.120Z] GET http://localhost:4321/images/icon-latin-america.png → 200 (2ms, 3973B)
[2026-04-03T18:17:09.122Z] GET http://localhost:4321/images/icon-southeast-asia.png → 200 (?ms, 14383B)
[2026-04-03T18:17:09.122Z] GET http://localhost:4321/images/icon-africa.png → 200 (2ms, 2028B)
[2026-04-03T18:17:09.124Z] GET http://localhost:4321/images/icon-north-america.png → 200 (1ms, 4649B)
[2026-04-03T18:17:09.125Z] GET http://localhost:4321/images/events-icon.png → 200 (3ms, 896B)
[2026-04-03T18:17:09.133Z] GET http://localhost:4321/images/david-parish.png → 200 (2ms, 111605B)
[2026-04-03T18:17:09.136Z] GET http://localhost:4321/images/jacob-harlan.png → 200 (4ms, 97779B)
[2026-04-03T18:17:09.142Z] GET http://localhost:4321/images/trey-clendenen.png → 200 (1ms, 250516B)
[2026-04-03T18:17:09.149Z] GET http://localhost:4321/images/renee-driskill.png → 200 (2ms, 126216B)
[2026-04-03T18:17:09.151Z] GET http://localhost:4321/images/instar-blue.jpg → 200 (1ms, 54088B)
[2026-04-03T18:17:09.153Z] GET http://localhost:4321/images/wme-logo.png → 200 (1ms, 4418B)
[2026-04-03T18:17:16.405Z] GET http://localhost:4321/src/components/Navbar.astro?t=1775240236395&astro&type=style&index=0&lang.css → 200 (35ms, 1256B)
[2026-04-03T18:17:21.279Z] GET http://localhost:4321/ → 200 (249ms, ?B)
[2026-04-03T18:17:21.552Z] GET https://fonts.googleapis.com/css2?family=DM+Serif+Display:ital@0;1&family=Inter:wght@300;400;500;600;700;800&display=swap → 200 (1ms, 16619B)
[2026-04-03T18:17:21.553Z] GET http://localhost:4321/@vite/client → 304 (38ms, ?B)
[2026-04-03T18:17:21.554Z] GET http://localhost:4321/@fs/home/jefferey/local-git/wme/node_modules/astro/dist/runtime/client/dev-toolbar/entrypoint.js?v=187dce39 → 200 (?ms, 52465B)
[2026-04-03T18:17:21.556Z] GET http://localhost:4321/node_modules/@astrojs/tailwind/base.css → 200 (101ms, 50186B)
[2026-04-03T18:17:21.556Z] GET http://localhost:4321/src/components/Navbar.astro?astro&type=style&index=0&lang.css → 200 (43ms, 1256B)
[2026-04-03T18:17:21.556Z] GET http://localhost:4321/src/styles/global.css → 200 (118ms, 59551B)
[2026-04-03T18:17:21.557Z] GET http://localhost:4321/images/wme-logo.png → 200 (6ms, 4418B)
[2026-04-03T18:17:21.557Z] GET http://localhost:4321/src/components/Navbar.astro?astro&type=script&index=0&lang.ts → 304 (101ms, ?B)
[2026-04-03T18:17:21.557Z] GET http://localhost:4321/images/instar-blue.jpg → 200 (6ms, 54088B)
[2026-04-03T18:17:21.557Z] GET http://localhost:4321/src/layouts/Layout.astro?astro&type=script&index=0&lang.ts → 304 (34ms, ?B)
[2026-04-03T18:17:21.588Z] GET https://fonts.gstatic.com/s/dmserifdisplay/v17/-nFnOHM81r4j6k0gjAW3mujVU2B2G_Bx0g.woff2 → 200 (?ms, ?B)
[2026-04-03T18:17:21.589Z] GET https://fonts.gstatic.com/s/inter/v20/UcC73FwrK3iLTeHuS_nVMrMxCp50SjIa1ZL7.woff2 → 200 (?ms, ?B)
[2026-04-03T18:17:21.599Z] GET http://localhost:4321/@id/__x00__astro:toolbar:internal → 304 (59ms, ?B)
[2026-04-03T18:17:21.599Z] GET http://localhost:4321/node_modules/astro/dist/runtime/client/dev-toolbar/helpers.js?v=187dce39 → 200 (?ms, 14267B)
[2026-04-03T18:17:21.600Z] GET http://localhost:4321/node_modules/astro/dist/runtime/client/dev-toolbar/settings.js?v=187dce39 → 200 (?ms, 7936B)
[2026-04-03T18:17:21.652Z] GET http://localhost:4321/node_modules/vite/dist/client/env.mjs → 304 (31ms, ?B)
[2026-04-03T18:17:21.654Z] GET http://localhost:4321/node_modules/astro/dist/runtime/client/dev-toolbar/ui-library/window.js?v=187dce39 → 200 (?ms, 19284B)
[2026-04-03T18:17:21.694Z] GET http://localhost:4321/node_modules/astro/dist/runtime/client/dev-toolbar/apps/astro.js?v=187dce39 → 200 (4ms, 109029B)
[2026-04-03T18:17:21.698Z] GET http://localhost:4321/node_modules/astro/dist/runtime/client/dev-toolbar/apps/audit/index.js?v=187dce39 → 200 (2ms, 37694B)
[2026-04-03T18:17:21.700Z] GET http://localhost:4321/node_modules/astro/dist/runtime/client/dev-toolbar/apps/xray.js?v=187dce39 → 200 (?ms, 30990B)
[2026-04-03T18:17:21.700Z] GET http://localhost:4321/node_modules/astro/dist/runtime/client/dev-toolbar/apps/settings.js?v=187dce39 → 200 (?ms, 35003B)
[2026-04-03T18:17:21.701Z] GET http://localhost:4321/node_modules/astro/dist/runtime/client/dev-toolbar/toolbar.js?v=187dce39 → 200 (?ms, 86326B)
[2026-04-03T18:17:21.701Z] GET http://localhost:4321/node_modules/astro/dist/runtime/client/dev-toolbar/ui-library/index.js?v=187dce39 → 200 (?ms, 6537B)
[2026-04-03T18:17:21.705Z] GET http://localhost:4321/node_modules/astro/dist/runtime/client/dev-toolbar/ui-library/icons.js?v=187dce39 → 200 (?ms, 277585B)
[2026-04-03T18:17:21.705Z] GET http://localhost:4321/node_modules/astro/dist/runtime/client/dev-toolbar/apps/utils/icons.js?v=187dce39 → 200 (?ms, 5650B)
[2026-04-03T18:17:21.705Z] GET http://localhost:4321/node_modules/astro/dist/runtime/client/dev-toolbar/apps/utils/window.js?v=187dce39 → 200 (?ms, 7595B)
[2026-04-03T18:17:21.705Z] GET http://localhost:4321/node_modules/astro/dist/runtime/client/dev-toolbar/apps/utils/highlight.js?v=187dce39 → 200 (1ms, 11750B)
[2026-04-03T18:17:21.706Z] GET http://localhost:4321/node_modules/astro/dist/runtime/client/dev-toolbar/apps/audit/annotations.js?v=187dce39 → 200 (?ms, 3862B)
[2026-04-03T18:17:21.706Z] GET http://localhost:4321/node_modules/astro/dist/runtime/client/dev-toolbar/apps/audit/rules/index.js?v=187dce39 → 200 (?ms, 7035B)
[2026-04-03T18:17:21.706Z] GET http://localhost:4321/node_modules/astro/dist/runtime/client/dev-toolbar/apps/audit/ui/audit-list-item.js?v=187dce39 → 200 (?ms, 16740B)
[2026-04-03T18:17:21.706Z] GET http://localhost:4321/node_modules/astro/dist/runtime/client/dev-toolbar/apps/audit/ui/audit-list-window.js?v=187dce39 → 200 (?ms, 52021B)
[2026-04-03T18:17:21.706Z] GET http://localhost:4321/node_modules/astro/dist/runtime/client/dev-toolbar/apps/audit/ui/audit-ui.js?v=187dce39 → 200 (?ms, 28018B)
[2026-04-03T18:17:21.706Z] GET http://localhost:4321/node_modules/html-escaper/esm/index.js?v=187dce39 → 200 (?ms, 12896B)
[2026-04-03T18:17:21.706Z] GET http://localhost:4321/node_modules/astro/dist/runtime/client/dev-toolbar/ui-library/badge.js?v=187dce39 → 200 (?ms, 16480B)
[2026-04-03T18:17:21.707Z] GET http://localhost:4321/node_modules/astro/dist/runtime/client/dev-toolbar/ui-library/button.js?v=187dce39 → 200 (?ms, 25195B)
[2026-04-03T18:17:21.707Z] GET http://localhost:4321/node_modules/astro/dist/runtime/client/dev-toolbar/ui-library/card.js?v=187dce39 → 200 (?ms, 19839B)
[2026-04-03T18:17:21.707Z] GET http://localhost:4321/node_modules/astro/dist/runtime/client/dev-toolbar/ui-library/highlight.js?v=187dce39 → 200 (?ms, 21660B)
[2026-04-03T18:17:21.707Z] GET http://localhost:4321/node_modules/astro/dist/runtime/client/dev-toolbar/ui-library/icon.js?v=187dce39 → 200 (?ms, 5667B)
[2026-04-03T18:17:21.707Z] GET http://localhost:4321/node_modules/astro/dist/runtime/client/dev-toolbar/ui-library/radio-checkbox.js?v=187dce39 → 200 (?ms, 16332B)
[2026-04-03T18:17:21.707Z] GET http://localhost:4321/node_modules/astro/dist/runtime/client/dev-toolbar/ui-library/select.js?v=187dce39 → 200 (?ms, 18147B)
[2026-04-03T18:17:21.707Z] GET http://localhost:4321/node_modules/astro/dist/runtime/client/dev-toolbar/ui-library/toggle.js?v=187dce39 → 200 (?ms, 19016B)
[2026-04-03T18:17:21.707Z] GET http://localhost:4321/node_modules/astro/dist/runtime/client/dev-toolbar/ui-library/tooltip.js?v=187dce39 → 200 (1ms, 23080B)
[2026-04-03T18:17:21.708Z] GET http://localhost:4321/node_modules/astro/dist/runtime/client/dev-toolbar/apps/audit/rules/a11y.js?v=187dce39 → 200 (6ms, 122184B)
[2026-04-03T18:17:21.714Z] GET http://localhost:4321/node_modules/astro/dist/runtime/client/dev-toolbar/apps/audit/rules/perf.js?v=187dce39 → 200 (?ms, 23587B)
[2026-04-03T18:17:21.714Z] GET http://localhost:4321/node_modules/.vite/deps/astro___aria-query.js?v=187dce39 → 200 (?ms, 205280B)
[2026-04-03T18:17:21.715Z] GET http://localhost:4321/node_modules/.vite/deps/astro___axobject-query.js?v=187dce39 → 200 (?ms, 112534B)
[2026-04-03T18:17:21.715Z] GET http://localhost:4321/node_modules/.vite/deps/chunk-BUSYA2B4.js?v=187dce39 → 200 (?ms, 1399B)
[2026-04-03T18:17:21.766Z] GET http://localhost:4321/images/wme-logo.png → 200 (3ms, 4418B)
[2026-04-03T18:17:21.769Z] GET http://localhost:4321/images/instar-blue.jpg → 200 (4ms, 54088B)
[2026-04-03T18:17:21.773Z] GET http://localhost:4321/images/instar-goal-map.jpg → 200 (7ms, 39035B)
[2026-04-03T18:17:21.780Z] GET http://localhost:4321/images/icon-latin-america.png → 200 (5ms, 3973B)
[2026-04-03T18:17:21.786Z] GET http://localhost:4321/images/icon-southeast-asia.png → 200 (2ms, 14383B)
[2026-04-03T18:17:21.790Z] GET http://localhost:4321/images/icon-africa.png → 200 (7ms, 2028B)
[2026-04-03T18:17:21.798Z] GET http://localhost:4321/images/icon-north-america.png → 200 (2ms, 4649B)
[2026-04-03T18:17:21.801Z] GET http://localhost:4321/images/events-icon.png → 200 (2ms, 896B)
[2026-04-03T18:17:21.805Z] GET http://localhost:4321/images/david-parish.png → 200 (8ms, 111605B)
[2026-04-03T18:17:21.814Z] GET http://localhost:4321/images/jacob-harlan.png → 200 (2ms, 97779B)
[2026-04-03T18:17:21.816Z] GET http://localhost:4321/images/trey-clendenen.png → 200 (2ms, 250516B)
[2026-04-03T18:17:21.820Z] GET http://localhost:4321/images/renee-driskill.png → 200 (6ms, 126216B)
[2026-04-03T18:17:21.827Z] GET http://localhost:4321/images/instar-blue.jpg → 200 (1ms, 54088B)
[2026-04-03T18:17:21.829Z] GET http://localhost:4321/images/wme-logo.png → 200 (3ms, 4418B)
[2026-04-03T18:17:21.947Z] GET http://localhost:4321/images/instar-goal-map.jpg → 200 (3ms, 39035B)
[2026-04-03T18:17:21.947Z] GET http://localhost:4321/images/icon-latin-america.png → 200 (5ms, 3973B)
[2026-04-03T18:17:21.947Z] GET http://localhost:4321/images/icon-southeast-asia.png → 200 (6ms, 14383B)
[2026-04-03T18:17:21.948Z] GET http://localhost:4321/images/icon-africa.png → 200 (6ms, 2028B)
[2026-04-03T18:17:21.948Z] GET http://localhost:4321/images/icon-north-america.png → 200 (7ms, 4649B)
[2026-04-03T18:17:21.948Z] GET http://localhost:4321/images/events-icon.png → 200 (7ms, 896B)
[2026-04-03T18:24:37.637Z] GET https://wme-site-g7zjo.ondigitalocean.app/ → 200 (199ms, 70886B)
[2026-04-03T18:24:37.870Z] GET https://wme-site-g7zjo.ondigitalocean.app/_astro/index.9epQUoq1.css → 200 (100ms, 45135B)
[2026-04-03T18:24:37.870Z] GET https://wme-site-g7zjo.ondigitalocean.app/images/wme-logo.png → 200 (135ms, 4418B)
[2026-04-03T18:24:37.870Z] GET https://wme-site-g7zjo.ondigitalocean.app/images/instar-blue.jpg → 200 (80ms, 54088B)
[2026-04-03T18:24:37.870Z] GET https://wme-site-g7zjo.ondigitalocean.app/cdn-cgi/scripts/5c5dd728/cloudflare-static/email-decode.min.js → 200 (27ms, 1239B)
[2026-04-03T18:24:37.971Z] GET https://fonts.googleapis.com/css2?family=DM+Serif+Display:ital@0;1&family=Inter:wght@300;400;500;600;700;800&display=swap → 200 (?ms, 16619B)
[2026-04-03T18:24:38.005Z] GET https://fonts.gstatic.com/s/inter/v20/UcC73FwrK3iLTeHuS_nVMrMxCp50SjIa1ZL7.woff2 → 200 (61ms, 48256B)
[2026-04-03T18:24:38.005Z] GET https://fonts.gstatic.com/s/dmserifdisplay/v17/-nFnOHM81r4j6k0gjAW3mujVU2B2G_Bx0g.woff2 → 200 (60ms, 24744B)
[2026-04-03T18:38:41.126Z] GET http://localhost:4321/ → 200 (23ms, 224844B)
[2026-04-03T18:38:41.171Z] GET https://fonts.googleapis.com/css2?family=Inter:wght@300;400;500;600;700;800;900&family=Playfair+Display:ital,wght@0,400;0,500;0,600;0,700;0,800;1,400;1,500&display=swap → 200 (160ms, 28792B)
[2026-04-03T18:38:41.171Z] GET http://localhost:4321/@vite/client → 200 (31ms, 297591B)
[2026-04-03T18:38:41.171Z] GET http://localhost:4321/@fs/home/jefferey/local-git/wme/node_modules/astro/dist/runtime/client/dev-toolbar/entrypoint.js?v=b3e752a1 → 200 (5ms, 52465B)
[2026-04-03T18:38:41.171Z] GET http://localhost:4321/node_modules/@astrojs/tailwind/base.css → 200 (32ms, 42679B)
[2026-04-03T18:38:41.171Z] GET http://localhost:4321/src/components/Navbar.astro?astro&type=style&index=0&lang.css → 200 (32ms, 978B)
[2026-04-03T18:38:41.171Z] GET http://localhost:4321/src/components/Hero.astro?astro&type=style&index=0&lang.css → 200 (4ms, 695B)
[2026-04-03T18:38:41.171Z] GET http://localhost:4321/src/styles/global.css → 200 (32ms, 54935B)
[2026-04-03T18:38:41.171Z] GET http://localhost:4321/images/wme-logo.png → 200 (28ms, 4418B)
[2026-04-03T18:38:41.171Z] GET http://localhost:4321/src/components/Navbar.astro?astro&type=script&index=0&lang.ts → 200 (31ms, 6959B)
[2026-04-03T18:38:41.171Z] GET http://localhost:4321/images/missionary-teaching.jpg → 200 (31ms, 45245B)
[2026-04-03T18:38:41.171Z] GET http://localhost:4321/images/keith-juanita.jpg → 200 (35ms, 52971B)
[2026-04-03T18:38:41.171Z] GET http://localhost:4321/images/palabra-vida.jpg → 200 (37ms, 229291B)
[2026-04-03T18:38:41.171Z] GET http://localhost:4321/images/missionary-goodnight.jpg → 200 (52ms, 61714B)
[2026-04-03T18:38:41.171Z] GET http://localhost:4321/images/missionary-crowder.jpg → 200 (57ms, 93478B)
[2026-04-03T18:38:41.171Z] GET http://localhost:4321/images/campo-mission.jpg → 200 (60ms, 22918B)
[2026-04-03T18:38:41.171Z] GET http://localhost:4321/src/layouts/Layout.astro?astro&type=script&index=0&lang.ts → 200 (31ms, 6934B)
[2026-04-03T18:38:41.186Z] GET http://localhost:4321/@id/__x00__astro:toolbar:internal → 200 (17ms, 8955B)
[2026-04-03T18:38:41.186Z] GET http://localhost:4321/node_modules/astro/dist/runtime/client/dev-toolbar/helpers.js?v=b3e752a1 → 200 (17ms, 14267B)
[2026-04-03T18:38:41.186Z] GET http://localhost:4321/node_modules/astro/dist/runtime/client/dev-toolbar/settings.js?v=b3e752a1 → 200 (17ms, 7936B)
[2026-04-03T18:38:41.203Z] GET http://localhost:4321/node_modules/vite/dist/client/env.mjs → 200 (3ms, 4377B)
[2026-04-03T18:38:41.204Z] GET http://localhost:4321/node_modules/astro/dist/runtime/client/dev-toolbar/ui-library/window.js?v=b3e752a1 → 200 (4ms, 19284B)
[2026-04-03T18:38:41.477Z] GET https://fonts.gstatic.com/s/inter/v20/UcC73FwrK3iLTeHuS_nVMrMxCp50SjIa1ZL7.woff2 → 200 (2ms, 48256B)
[2026-04-03T18:38:41.477Z] GET https://fonts.gstatic.com/s/playfairdisplay/v40/nuFiD-vYSZviVYUb_rj3ij__anPXDTzYgA.woff2 → 200 (137ms, 38404B)
[2026-04-03T18:38:41.477Z] GET https://fonts.gstatic.com/s/playfairdisplay/v40/nuFkD-vYSZviVYUb_rj3ij__anPXDTnogkk7.woff2 → 200 (136ms, 38804B)
[2026-04-03T18:38:41.477Z] GET http://localhost:4321/images/instar-goal-map.jpg → 200 (10ms, 39035B)
[2026-04-03T18:38:41.570Z] GET http://localhost:4321/node_modules/astro/dist/runtime/client/dev-toolbar/apps/astro.js?v=b3e752a1 → 200 (8ms, 109029B)
[2026-04-03T18:38:41.570Z] GET http://localhost:4321/node_modules/astro/dist/runtime/client/dev-toolbar/apps/audit/index.js?v=b3e752a1 → 200 (56ms, 37694B)
[2026-04-03T18:38:41.570Z] GET http://localhost:4321/node_modules/astro/dist/runtime/client/dev-toolbar/apps/xray.js?v=b3e752a1 → 200 (56ms, 30990B)
[2026-04-03T18:38:41.570Z] GET http://localhost:4321/node_modules/astro/dist/runtime/client/dev-toolbar/apps/settings.js?v=b3e752a1 → 200 (58ms, 35003B)
[2026-04-03T18:38:41.570Z] GET http://localhost:4321/node_modules/astro/dist/runtime/client/dev-toolbar/toolbar.js?v=b3e752a1 → 200 (58ms, 86326B)
[2026-04-03T18:38:41.570Z] GET http://localhost:4321/node_modules/astro/dist/runtime/client/dev-toolbar/ui-library/index.js?v=b3e752a1 → 200 (59ms, 6537B)
[2026-04-03T18:38:41.622Z] GET http://localhost:4321/node_modules/astro/dist/runtime/client/dev-toolbar/ui-library/icons.js?v=b3e752a1 → 200 (27ms, 277585B)
[2026-04-03T18:38:41.624Z] GET http://localhost:4321/node_modules/astro/dist/runtime/client/dev-toolbar/apps/utils/icons.js?v=b3e752a1 → 200 (24ms, 5650B)
[2026-04-03T18:38:41.624Z] GET http://localhost:4321/node_modules/astro/dist/runtime/client/dev-toolbar/apps/utils/window.js?v=b3e752a1 → 200 (25ms, 7595B)
[2026-04-03T18:38:41.630Z] GET http://localhost:4321/node_modules/astro/dist/runtime/client/dev-toolbar/apps/utils/highlight.js?v=b3e752a1 → 200 (20ms, 11750B)
[2026-04-03T18:38:41.630Z] GET http://localhost:4321/node_modules/astro/dist/runtime/client/dev-toolbar/apps/audit/annotations.js?v=b3e752a1 → 200 (21ms, 3862B)
[2026-04-03T18:38:41.630Z] GET http://localhost:4321/node_modules/astro/dist/runtime/client/dev-toolbar/apps/audit/rules/index.js?v=b3e752a1 → 200 (21ms, 7035B)
[2026-04-03T18:38:41.630Z] GET http://localhost:4321/node_modules/astro/dist/runtime/client/dev-toolbar/apps/audit/ui/audit-list-item.js?v=b3e752a1 → 200 (22ms, 16740B)
[2026-04-03T18:38:41.630Z] GET http://localhost:4321/node_modules/astro/dist/runtime/client/dev-toolbar/apps/audit/ui/audit-list-window.js?v=b3e752a1 → 200 (22ms, 52021B)
[2026-04-03T18:38:41.630Z] GET http://localhost:4321/node_modules/astro/dist/runtime/client/dev-toolbar/apps/audit/ui/audit-ui.js?v=b3e752a1 → 200 (22ms, 28018B)
[2026-04-03T18:38:41.630Z] GET http://localhost:4321/node_modules/html-escaper/esm/index.js?v=b3e752a1 → 200 (23ms, 12896B)
[2026-04-03T18:38:41.644Z] GET http://localhost:4321/node_modules/astro/dist/runtime/client/dev-toolbar/ui-library/badge.js?v=b3e752a1 → 200 (19ms, 16480B)
[2026-04-03T18:38:41.644Z] GET http://localhost:4321/node_modules/astro/dist/runtime/client/dev-toolbar/ui-library/button.js?v=b3e752a1 → 200 (25ms, 25195B)
[2026-04-03T18:38:41.644Z] GET http://localhost:4321/node_modules/astro/dist/runtime/client/dev-toolbar/ui-library/card.js?v=b3e752a1 → 200 (8ms, 19839B)
[2026-04-03T18:38:41.644Z] GET http://localhost:4321/node_modules/astro/dist/runtime/client/dev-toolbar/ui-library/highlight.js?v=b3e752a1 → 200 (26ms, 21660B)
[2026-04-03T18:38:41.644Z] GET http://localhost:4321/node_modules/astro/dist/runtime/client/dev-toolbar/ui-library/icon.js?v=b3e752a1 → 200 (25ms, 5667B)
[2026-04-03T18:38:41.644Z] GET http://localhost:4321/node_modules/astro/dist/runtime/client/dev-toolbar/ui-library/radio-checkbox.js?v=b3e752a1 → 200 (26ms, 16332B)
[2026-04-03T18:38:41.644Z] GET http://localhost:4321/node_modules/astro/dist/runtime/client/dev-toolbar/ui-library/select.js?v=b3e752a1 → 200 (26ms, 18147B)
[2026-04-03T18:38:41.644Z] GET http://localhost:4321/node_modules/astro/dist/runtime/client/dev-toolbar/ui-library/toggle.js?v=b3e752a1 → 200 (33ms, 19016B)
[2026-04-03T18:38:41.644Z] GET http://localhost:4321/node_modules/astro/dist/runtime/client/dev-toolbar/ui-library/tooltip.js?v=b3e752a1 → 200 (33ms, 23080B)
[2026-04-03T18:38:41.653Z] GET http://localhost:4321/node_modules/astro/dist/runtime/client/dev-toolbar/apps/audit/rules/a11y.js?v=b3e752a1 → 200 (24ms, 122184B)
[2026-04-03T18:38:41.653Z] GET http://localhost:4321/node_modules/astro/dist/runtime/client/dev-toolbar/apps/audit/rules/perf.js?v=b3e752a1 → 200 (24ms, 23587B)
[2026-04-03T18:38:41.677Z] GET http://localhost:4321/node_modules/.vite/deps/astro___aria-query.js?v=c637255c → 200 (2ms, ?B)
[2026-04-03T18:38:41.677Z] GET http://localhost:4321/node_modules/.vite/deps/astro___axobject-query.js?v=c637255c → 200 (2ms, ?B)
[2026-04-03T18:38:41.679Z] GET http://localhost:4321/node_modules/.vite/deps/chunk-BUSYA2B4.js?v=b3e752a1 → 200 (8ms, ?B)
[2026-04-03T18:38:41.756Z] GET http://localhost:4321/images/wme-logo.png → 200 (1ms, 4418B)
[2026-04-03T18:38:41.757Z] GET http://localhost:4321/images/missionary-teaching.jpg → 200 (1ms, 45245B)
[2026-04-03T18:38:41.758Z] GET http://localhost:4321/images/keith-juanita.jpg → 200 (3ms, 52971B)
[2026-04-03T18:38:41.762Z] GET http://localhost:4321/images/palabra-vida.jpg → 200 (4ms, 229291B)
[2026-04-03T18:38:41.766Z] GET http://localhost:4321/images/missionary-goodnight.jpg → 200 (2ms, 61714B)
[2026-04-03T18:38:41.770Z] GET http://localhost:4321/images/missionary-crowder.jpg → 200 (5ms, 93478B)
[2026-04-03T18:38:41.776Z] GET http://localhost:4321/images/campo-mission.jpg → 200 (?ms, 22918B)
[2026-04-03T18:38:41.776Z] GET http://localhost:4321/images/missionary-teaching.jpg → 200 (1ms, 45245B)
[2026-04-03T18:38:41.778Z] GET http://localhost:4321/images/palabra-vida.jpg → 200 (5ms, 229291B)
[2026-04-03T18:38:41.784Z] GET http://localhost:4321/images/missionary-goodnight.jpg → 200 (?ms, 61714B)
[2026-04-03T18:38:41.785Z] GET http://localhost:4321/images/keith-juanita.jpg → 200 (5ms, 52971B)
[2026-04-03T18:38:41.791Z] GET http://localhost:4321/images/campo-mission.jpg → 200 (?ms, 22918B)
[2026-04-03T18:38:41.793Z] GET http://localhost:4321/images/instar-goal-map.jpg → 200 (2ms, 39035B)
[2026-04-03T18:38:41.796Z] GET http://localhost:4321/images/icon-latin-america.png → 200 (5ms, 3973B)
[2026-04-03T18:38:41.802Z] GET http://localhost:4321/images/icon-southeast-asia.png → 200 (7ms, 14383B)
[2026-04-03T18:38:41.809Z] GET http://localhost:4321/images/icon-africa.png → 200 (1ms, 2028B)
[2026-04-03T18:38:41.810Z] GET http://localhost:4321/images/icon-north-america.png → 200 (?ms, 4649B)
[2026-04-03T18:38:41.811Z] GET http://localhost:4321/images/events-icon.png → 200 (2ms, 896B)
[2026-04-03T18:38:41.813Z] GET http://localhost:4321/images/community-prayer.jpg → 200 (3ms, 4141B)
[2026-04-03T18:38:41.818Z] GET http://localhost:4321/images/david-parish.png → 200 (7ms, 111605B)
[2026-04-03T18:38:41.825Z] GET http://localhost:4321/images/jacob-harlan.png → 200 (2ms, 97779B)
[2026-04-03T18:38:41.827Z] GET http://localhost:4321/images/trey-clendenen.png → 200 (4ms, 250516B)
[2026-04-03T18:38:41.833Z] GET http://localhost:4321/images/renee-driskill.png → 200 (11ms, 126216B)
[2026-04-03T18:38:41.846Z] GET http://localhost:4321/images/instar-blue.jpg → 200 (?ms, 54088B)
[2026-04-03T18:38:41.847Z] GET http://localhost:4321/images/wme-logo.png → 200 (5ms, 4418B)
[2026-04-03T18:38:43.780Z] GET http://localhost:4321/images/icon-latin-america.png → 200 (3ms, 3973B)
[2026-04-03T18:38:43.780Z] GET http://localhost:4321/images/icon-southeast-asia.png → 200 (3ms, 14383B)
[2026-04-03T18:38:43.780Z] GET http://localhost:4321/images/icon-africa.png → 200 (5ms, 2028B)
[2026-04-03T18:38:43.781Z] GET http://localhost:4321/images/icon-north-america.png → 200 (5ms, 4649B)
[2026-04-03T18:38:43.781Z] GET http://localhost:4321/images/events-icon.png → 200 (5ms, 896B)
[2026-04-03T18:38:44.322Z] GET http://localhost:4321/images/community-prayer.jpg → 200 (29ms, 4141B)
[2026-04-03T18:38:44.775Z] GET http://localhost:4321/images/david-parish.png → 200 (2ms, 111605B)
[2026-04-03T18:38:44.775Z] GET http://localhost:4321/images/jacob-harlan.png → 200 (3ms, 97779B)
[2026-04-03T18:38:44.775Z] GET http://localhost:4321/images/trey-clendenen.png → 200 (4ms, 250516B)
[2026-04-03T18:38:44.775Z] GET http://localhost:4321/images/renee-driskill.png → 200 (5ms, 126216B)
[2026-04-03T18:38:45.294Z] GET http://localhost:4321/images/instar-blue.jpg → 200 (5ms, 54088B)
[2026-04-03T18:38:46.583Z] GET http://localhost:4321/images/wme-logo.png → 200 (4ms, 4418B)
[2026-04-03T18:38:46.588Z] GET http://localhost:4321/images/missionary-teaching.jpg → 200 (3ms, 45245B)
[2026-04-03T18:38:46.592Z] GET http://localhost:4321/images/keith-juanita.jpg → 200 (1ms, 52971B)
[2026-04-03T18:38:46.595Z] GET http://localhost:4321/images/palabra-vida.jpg → 200 (9ms, 229291B)
[2026-04-03T18:38:46.606Z] GET http://localhost:4321/images/missionary-goodnight.jpg → 200 (1ms, 61714B)
[2026-04-03T18:38:46.607Z] GET http://localhost:4321/images/missionary-crowder.jpg → 200 (?ms, 93478B)
[2026-04-03T18:38:46.608Z] GET http://localhost:4321/images/campo-mission.jpg → 200 (1ms, 22918B)
[2026-04-03T18:38:46.609Z] GET http://localhost:4321/images/missionary-teaching.jpg → 200 (2ms, 45245B)
[2026-04-03T18:38:46.612Z] GET http://localhost:4321/images/palabra-vida.jpg → 200 (7ms, 229291B)
[2026-04-03T18:38:46.621Z] GET http://localhost:4321/images/missionary-goodnight.jpg → 200 (6ms, 61714B)
[2026-04-03T18:38:46.627Z] GET http://localhost:4321/images/keith-juanita.jpg → 200 (3ms, 52971B)
[2026-04-03T18:38:46.635Z] GET http://localhost:4321/images/campo-mission.jpg → 200 (6ms, 22918B)
[2026-04-03T18:38:46.641Z] GET http://localhost:4321/images/instar-goal-map.jpg → 200 (1ms, 39035B)
[2026-04-03T18:38:46.643Z] GET http://localhost:4321/images/icon-latin-america.png → 200 (3ms, 3973B)
[2026-04-03T18:38:46.652Z] GET http://localhost:4321/images/icon-southeast-asia.png → 200 (3ms, 14383B)
[2026-04-03T18:38:46.655Z] GET http://localhost:4321/images/icon-africa.png → 200 (1ms, 2028B)
[2026-04-03T18:38:46.656Z] GET http://localhost:4321/images/icon-north-america.png → 200 (2ms, 4649B)
[2026-04-03T18:38:46.659Z] GET http://localhost:4321/images/events-icon.png → 200 (4ms, 896B)
[2026-04-03T18:38:46.669Z] GET http://localhost:4321/images/community-prayer.jpg → 200 (5ms, 4141B)
[2026-04-03T18:38:46.674Z] GET http://localhost:4321/images/david-parish.png → 200 (?ms, 111605B)
[2026-04-03T18:38:46.674Z] GET http://localhost:4321/images/jacob-harlan.png → 200 (1ms, 97779B)
[2026-04-03T18:38:46.675Z] GET http://localhost:4321/images/trey-clendenen.png → 200 (1ms, ?B)
[2026-04-03T18:38:46.676Z] GET http://localhost:4321/images/renee-driskill.png → 200 (6ms, ?B)
[2026-04-03T18:38:46.683Z] GET http://localhost:4321/images/instar-blue.jpg → 200 (6ms, ?B)
[2026-04-03T18:38:46.690Z] GET http://localhost:4321/images/wme-logo.png → 200 (2ms, ?B)
